<?xml version="1.0" encoding="UTF-8"?>
<!-- Generated by org.testng.reporters.JUnitReportReporter -->
<testsuite hostname="LAPTOP-39B9NA9O" failures="0" tests="3" name="loginScripts.BaseTest" time="16.138" errors="0" timestamp="2024-10-17T23:45:23 IST" skipped="0">
  <testcase classname="loginScripts.BaseTest" name="LaunchBrowser" time="4.179"/>
  <testcase classname="loginScripts.BaseTest" name="LaunchBrowser" time="7.296"/>
  <testcase classname="loginScripts.BaseTest" name="LaunchBrowser" time="4.663"/>
</testsuite> <!-- loginScripts.BaseTest -->
