<?xml version="1.0" encoding="UTF-8"?>
<!-- Generated by org.testng.reporters.JUnitReportReporter -->
<testsuite hostname="LAPTOP-39B9NA9O" failures="0" tests="12" name="loginScripts.LoginTest" time="119.399" errors="0" timestamp="2024-10-18T01:06:02 IST" skipped="0">
  <testcase classname="loginScripts.LoginTest" name="loginTest" time="5.033"/>
  <testcase classname="loginScripts.LoginTest" name="loginTest" time="10.033"/>
  <testcase classname="loginScripts.LoginTest" name="loginTest" time="17.196"/>
  <testcase classname="loginScripts.LoginTest" name="loginTest" time="8.412"/>
  <testcase classname="loginScripts.LoginTest" name="loginTest" time="17.578"/>
  <testcase classname="loginScripts.LoginTest" name="loginTest" time="5.448"/>
  <testcase classname="loginScripts.LoginTest" name="loginTest" time="8.818"/>
  <testcase classname="loginScripts.LoginTest" name="loginTest" time="2.537"/>
  <testcase classname="loginScripts.LoginTest" name="loginTest" time="7.426"/>
  <testcase classname="loginScripts.LoginTest" name="loginTest" time="4.309"/>
  <testcase classname="loginScripts.LoginTest" name="loginTest" time="11.528"/>
  <testcase classname="loginScripts.LoginTest" name="loginTest" time="21.081"/>
</testsuite> <!-- loginScripts.LoginTest -->
